<?xml version="1.0" encoding="UTF-8"?>
<testng-results ignored="0" total="4" passed="4" failed="0" skipped="0">
  <reporter-output>
  </reporter-output>
  <suite started-at="2025-03-20T20:38:44 IST" name="Suite" finished-at="2025-03-20T20:39:33 IST" duration-ms="48550">
    <groups>
      <group name="cucumber">
        <method signature="AbstractTestNGCucumberTests.runScenario(io.cucumber.testng.PickleWrapper,io.cucumber.testng.FeatureWrapper)[pri:0, instance:TestRunner.HealthCare_Run@6e535154]" name="runScenario" class="io.cucumber.testng.AbstractTestNGCucumberTests"/>
      </group> <!-- cucumber -->
    </groups>
    <test started-at="2025-03-20T20:38:44 IST" name="Test" finished-at="2025-03-20T20:39:33 IST" duration-ms="48550">
      <class name="TestRunner.HealthCare_Run">
        <test-method is-config="true" signature="setUpClass(org.testng.ITestContext)[pri:0, instance:TestRunner.HealthCare_Run@6e535154]" started-at="2025-03-20T20:38:44 IST" name="setUpClass" finished-at="2025-03-20T20:38:45 IST" duration-ms="799" status="PASS">
          <params>
            <param index="0">
              <value>
                <![CDATA[org.testng.TestRunner@54496c2d]]>
              </value>
            </param>
          </params>
          <reporter-output>
          </reporter-output>
        </test-method> <!-- setUpClass -->
        <test-method signature="runScenario(io.cucumber.testng.PickleWrapper,io.cucumber.testng.FeatureWrapper)[pri:0, instance:TestRunner.HealthCare_Run@6e535154]" started-at="2025-03-20T20:38:45 IST" name="runScenario" description="Runs Cucumber Scenarios" data-provider="scenarios" finished-at="2025-03-20T20:38:56 IST" duration-ms="10590" status="PASS">
          <params>
            <param index="0">
              <value>
                <![CDATA["Successful Login With Valid Credentials"]]>
              </value>
            </param>
            <param index="1">
              <value>
                <![CDATA["Login"]]>
              </value>
            </param>
          </params>
          <reporter-output>
          </reporter-output>
        </test-method> <!-- runScenario -->
        <test-method signature="runScenario(io.cucumber.testng.PickleWrapper,io.cucumber.testng.FeatureWrapper)[pri:0, instance:TestRunner.HealthCare_Run@6e535154]" started-at="2025-03-20T20:38:56 IST" name="runScenario" description="Runs Cucumber Scenarios" data-provider="scenarios" finished-at="2025-03-20T20:39:06 IST" duration-ms="10087" status="PASS">
          <params>
            <param index="0">
              <value>
                <![CDATA["User Fills the Booking Page"]]>
              </value>
            </param>
            <param index="1">
              <value>
                <![CDATA["Booking Page"]]>
              </value>
            </param>
          </params>
          <reporter-output>
          </reporter-output>
        </test-method> <!-- runScenario -->
        <test-method signature="runScenario(io.cucumber.testng.PickleWrapper,io.cucumber.testng.FeatureWrapper)[pri:0, instance:TestRunner.HealthCare_Run@6e535154]" started-at="2025-03-20T20:39:06 IST" name="runScenario" description="Runs Cucumber Scenarios" data-provider="scenarios" finished-at="2025-03-20T20:39:18 IST" duration-ms="12341" status="PASS">
          <params>
            <param index="0">
              <value>
                <![CDATA["User Verifies the confirmation page"]]>
              </value>
            </param>
            <param index="1">
              <value>
                <![CDATA["Confirmation Page"]]>
              </value>
            </param>
          </params>
          <reporter-output>
          </reporter-output>
        </test-method> <!-- runScenario -->
        <test-method signature="runScenario(io.cucumber.testng.PickleWrapper,io.cucumber.testng.FeatureWrapper)[pri:0, instance:TestRunner.HealthCare_Run@6e535154]" started-at="2025-03-20T20:39:18 IST" name="runScenario" description="Runs Cucumber Scenarios" data-provider="scenarios" finished-at="2025-03-20T20:39:32 IST" duration-ms="13723" status="PASS">
          <params>
            <param index="0">
              <value>
                <![CDATA["User Logout from The Website after Sucessful Regestration"]]>
              </value>
            </param>
            <param index="1">
              <value>
                <![CDATA["Logout Page"]]>
              </value>
            </param>
          </params>
          <reporter-output>
          </reporter-output>
        </test-method> <!-- runScenario -->
        <test-method is-config="true" signature="tearDownClass()[pri:0, instance:TestRunner.HealthCare_Run@6e535154]" started-at="2025-03-20T20:39:32 IST" name="tearDownClass" finished-at="2025-03-20T20:39:33 IST" duration-ms="948" status="PASS">
          <reporter-output>
          </reporter-output>
        </test-method> <!-- tearDownClass -->
      </class> <!-- TestRunner.HealthCare_Run -->
    </test> <!-- Test -->
  </suite> <!-- Suite -->
</testng-results>
